<?xml version="1.0" encoding="UTF-8"?>
<!-- Generated by org.testng.reporters.JUnitReportReporter -->
<testsuite skipped="0" hostname="DESKTOP-EM3OVKO" name="MockInterview.ShadowElementInspect" tests="1" failures="0" timestamp="07 Nov 2022 17:55:49 GMT" time="18.739" errors="0">
  <testcase name="ShadowElement" time="18.739" classname="MockInterview.ShadowElementInspect"/>
</testsuite> <!-- MockInterview.ShadowElementInspect -->
