<?xml version="1.0" encoding="UTF-8"?>
<!-- Generated by org.testng.reporters.JUnitReportReporter -->
<testsuite hostname="DESKTOP-BOQM7D0" failures="0" tests="2" name="com.Techmax.Accounts.AccountsTest" time="24.885" errors="0" timestamp="2022-08-25T18:01:20 IST" skipped="0">
  <testcase classname="com.Techmax.Accounts.AccountsTest" name="CreateCredentialsForExistingEmployeesInAccountsPageTest" time="2.566"/>
  <system-out/>
  <testcase classname="com.Techmax.Accounts.AccountsTest" name="CreateEmployeeInEmployeePageCheckEmployeeDisplayedInAccountsPageInAddUserAcoountLayoutTest" time="22.319"/>
  <system-out/>
</testsuite> <!-- com.Techmax.Accounts.AccountsTest -->
