<?xml version="1.0" encoding="UTF-8"?>
<!-- Generated by org.testng.reporters.JUnitReportReporter -->
<testsuite hostname="DESKTOP-BOQM7D0" failures="0" tests="2" name="com.Techmax.Home.HomeTest" time="7.136" errors="0" timestamp="2022-08-25T18:01:20 IST" skipped="0">
  <testcase classname="com.Techmax.Home.HomeTest" name="CreateNewRegistrationVerifyTheRegistrationCountInHomePageTest" time="2.962"/>
  <system-out/>
  <testcase classname="com.Techmax.Home.HomeTest" name="CreateNewProductVerifyTheProductCountInHomePage_test" time="4.174"/>
  <system-out/>
</testsuite> <!-- com.Techmax.Home.HomeTest -->
