<?xml version="1.0" encoding="UTF-8"?>
<!-- Generated by org.testng.reporters.JUnitReportReporter -->
<testsuite skipped="0" hostname="DESKTOP-EM3OVKO" name="MockInterview.MakeMyTrip" tests="1" failures="0" timestamp="30 Nov 2022 12:48:32 GMT" time="35.646" errors="0">
  <testcase name="MakeMyTrip" time="35.646" classname="MockInterview.MakeMyTrip"/>
</testsuite> <!-- MockInterview.MakeMyTrip -->
