<?xml version="1.0" encoding="UTF-8"?>
<!-- Generated by org.testng.reporters.JUnitReportReporter -->
<testsuite hostname="DESKTOP-BOQM7D0" failures="0" tests="1" name="com.Techmax.Inventory.InventoryTest" time="7.938" errors="0" timestamp="2022-08-25T18:01:20 IST" skipped="0">
  <testcase classname="com.Techmax.Inventory.InventoryTest" name="VerifySupplierNameInAddProduct_test" time="7.938"/>
  <system-out/>
</testsuite> <!-- com.Techmax.Inventory.InventoryTest -->
