<?xml version="1.0" encoding="UTF-8"?>
<!-- Generated by org.testng.reporters.JUnitReportReporter -->
<testsuite skipped="0" hostname="DESKTOP-EM3OVKO" name="MockInterview.RedBusAppPrintAllBuses" tests="1" failures="0" timestamp="13 Jan 2023 10:09:59 GMT" time="46.517" errors="0">
  <testcase name="PrintAllBusestest" time="46.517" classname="MockInterview.RedBusAppPrintAllBuses"/>
</testsuite> <!-- MockInterview.RedBusAppPrintAllBuses -->
