<?xml version="1.0" encoding="UTF-8"?>
<!-- Generated by org.testng.reporters.JUnitReportReporter -->
<testsuite skipped="1" hostname="DESKTOP-EM3OVKO" name="MockInterview.AmazonAllPhone" tests="2" failures="0" timestamp="23 Nov 2022 11:58:16 GMT" time="33.935" errors="0">
  <testcase name="FetchAllPhone" time="33.935" classname="MockInterview.AmazonAllPhone"/>
  <testcase name="FlipkartBook" classname="MockInterview.AmazonAllPhone">
    <skipped/>
  </testcase> <!-- FlipkartBook -->
</testsuite> <!-- MockInterview.AmazonAllPhone -->
