<?xml version="1.0" encoding="UTF-8"?>
<!-- Generated by org.testng.reporters.JUnitReportReporter -->
<testsuite skipped="0" hostname="DESKTOP-EM3OVKO" name="MockInterview.DatabaseVAlidation" tests="1" failures="0" timestamp="30 Nov 2022 07:35:52 GMT" time="14.075" errors="0">
  <testcase name="dataCheck" time="14.075" classname="MockInterview.DatabaseVAlidation"/>
</testsuite> <!-- MockInterview.DatabaseVAlidation -->
