<?xml version="1.0" encoding="UTF-8"?>
<!-- Generated by org.testng.reporters.JUnitReportReporter -->
<testsuite skipped="1" hostname="DESKTOP-EM3OVKO" name="com.Techmax.POS.PosTest" tests="2" failures="0" timestamp="23 Aug 2022 07:47:07 GMT" time="85.046" errors="0">
  <testcase name="Purchase_a_product_and_Add_Updated_customer_and_verify_transaction_details_test" time="85.046" classname="com.Techmax.POS.PosTest"/>
  <testcase name="sale_a_product_check_the_transaction_details_test" classname="com.Techmax.POS.PosTest">
    <skipped/>
  </testcase> <!-- sale_a_product_check_the_transaction_details_test -->
</testsuite> <!-- com.Techmax.POS.PosTest -->
