<?xml version="1.0" encoding="UTF-8"?>
<!-- Generated by org.testng.reporters.JUnitReportReporter -->
<testsuite skipped="0" hostname="DESKTOP-EM3OVKO" name="MockInterview.CricbuzzScoresAndWickets" tests="1" failures="0" timestamp="09 Jan 2023 05:39:11 GMT" time="26.610" errors="0">
  <testcase name="Cricbuzz" time="26.610" classname="MockInterview.CricbuzzScoresAndWickets"/>
</testsuite> <!-- MockInterview.CricbuzzScoresAndWickets -->
