<?xml version="1.0" encoding="UTF-8"?>
<!-- Generated by org.testng.reporters.JUnitReportReporter -->
<testsuite hostname="DESKTOP-BOQM7D0" failures="0" tests="2" name="com.Techmax.Transaction.TransactionTest" time="27.191" errors="0" timestamp="2022-08-25T18:01:20 IST" skipped="0">
  <testcase classname="com.Techmax.Transaction.TransactionTest" name="AddSupplierAddProductLoginAsEmployeeGenrateBillInPOSforProducttest" time="15.196"/>
  <system-out/>
  <testcase classname="com.Techmax.Transaction.TransactionTest" name="AddProductLoginAsEmployeeGenrateBillInPOSforProduct_test" time="11.995"/>
  <system-out/>
</testsuite> <!-- com.Techmax.Transaction.TransactionTest -->
