<?xml version="1.0" encoding="UTF-8"?>
<!-- Generated by org.testng.reporters.JUnitReportReporter -->
<testsuite skipped="0" hostname="DESKTOP-EM3OVKO" name="sownd.PrintUsingRobotClass" tests="1" failures="0" timestamp="06 Jan 2023 15:05:26 GMT" time="0.165" errors="0">
  <testcase name="printingUsingRobotClass" time="0.165" classname="sownd.PrintUsingRobotClass"/>
</testsuite> <!-- sownd.PrintUsingRobotClass -->
