<?xml version="1.0" encoding="UTF-8"?>
<!-- Generated by org.testng.reporters.JUnitReportReporter -->
<testsuite skipped="3" hostname="DESKTOP-EM3OVKO" name="MockInterview.FlipkartMobiles" tests="4" failures="0" timestamp="19 Jan 2023 11:22:58 GMT" time="15.839" errors="0">
  <testcase name="NamePrice" time="15.839" classname="MockInterview.FlipkartMobiles"/>
  <testcase name="MaxPriceMobileName" classname="MockInterview.FlipkartMobiles">
    <skipped/>
  </testcase> <!-- MaxPriceMobileName -->
  <testcase name="MobilePrices" classname="MockInterview.FlipkartMobiles">
    <skipped/>
  </testcase> <!-- MobilePrices -->
  <testcase name="MobilesNames" classname="MockInterview.FlipkartMobiles">
    <skipped/>
  </testcase> <!-- MobilesNames -->
</testsuite> <!-- MockInterview.FlipkartMobiles -->
