<?xml version="1.0" encoding="UTF-8"?>
<!-- Generated by org.testng.reporters.JUnitReportReporter -->
<testsuite skipped="0" hostname="DESKTOP-EM3OVKO" name="MockInterview.MakeMyTrip" tests="1" failures="0" timestamp="01 Dec 2022 07:14:56 GMT" time="119.261" errors="0">
  <testcase name="MakeMyTripTest" time="119.261" classname="MockInterview.MakeMyTrip"/>
</testsuite> <!-- MockInterview.MakeMyTrip -->
