<?xml version="1.0" encoding="UTF-8"?>
<!-- Generated by org.testng.reporters.JUnitReportReporter -->
<testsuite skipped="0" hostname="DESKTOP-EM3OVKO" name="com.Techmax.practice.EventFiringWebDriverScreenshot" tests="2" failures="0" timestamp="03 Sep 2022 13:48:01 GMT" time="0.016" errors="0">
  <testcase name="Sample2" time="0.000" classname="com.Techmax.practice.EventFiringWebDriverScreenshot"/>
  <testcase name="Sample1" time="0.016" classname="com.Techmax.practice.EventFiringWebDriverScreenshot"/>
</testsuite> <!-- com.Techmax.practice.EventFiringWebDriverScreenshot -->
