<?xml version="1.0" encoding="UTF-8"?>
<!-- Generated by org.testng.reporters.JUnitReportReporter -->
<testsuite skipped="0" hostname="DESKTOP-EM3OVKO" name="MockInterview.RedBusAppPrintAllBuses" tests="1" failures="0" timestamp="09 Jan 2023 12:15:33 GMT" time="42.229" errors="0">
  <testcase name="PrintAllBusestest" time="42.229" classname="MockInterview.RedBusAppPrintAllBuses"/>
</testsuite> <!-- MockInterview.RedBusAppPrintAllBuses -->
