<?xml version="1.0" encoding="UTF-8"?>
<!-- Generated by org.testng.reporters.JUnitReportReporter -->
<testsuite skipped="0" hostname="DESKTOP-EM3OVKO" name="MockInterview.Arcesium" tests="2" failures="0" timestamp="08 Nov 2022 07:34:53 GMT" time="0.019" errors="0">
  <testcase name="uniqueSubString" time="0.006" classname="MockInterview.Arcesium"/>
  <testcase name="DoubleInMatch" time="0.013" classname="MockInterview.Arcesium"/>
</testsuite> <!-- MockInterview.Arcesium -->
