<?xml version="1.0" encoding="UTF-8"?>
<!-- Generated by org.testng.reporters.JUnitReportReporter -->
<testsuite hostname="DESKTOP-6H62P03" failures="0" tests="6" name="org.TechMAX.Supplier.TestRunnerClass" time="31.424" errors="0" timestamp="2022-08-17T13:29:55 IST" skipped="5">
  <testcase classname="org.TechMAX.Supplier.TestRunnerClass" name="Purchase_a_product_and_add_new_customer_and_verify_transaction_details_Test" time="31.424"/>
  <system-out/>
  <testcase classname="org.TechMAX.Supplier.TestRunnerClass" name="CreateNewSupplierVerifyTheSupplierCountInHomePageTest">
    <skipped/>
  </testcase> <!-- CreateNewSupplierVerifyTheSupplierCountInHomePageTest -->
  <system-out/>
  <testcase classname="org.TechMAX.Supplier.TestRunnerClass" name="CreateEmployeeWithMandatoryFieldsTest">
    <skipped/>
  </testcase> <!-- CreateEmployeeWithMandatoryFieldsTest -->
  <system-out/>
  <testcase classname="org.TechMAX.Supplier.TestRunnerClass" name="CreateSupplierTest">
    <skipped/>
  </testcase> <!-- CreateSupplierTest -->
  <system-out/>
  <testcase classname="org.TechMAX.Supplier.TestRunnerClass" name="Create_product_in_product_page_Test">
    <skipped/>
  </testcase> <!-- Create_product_in_product_page_Test -->
  <system-out/>
  <testcase classname="org.TechMAX.Supplier.TestRunnerClass" name="Verify__Customer_Updation_and_Customer_details_Test">
    <skipped/>
  </testcase> <!-- Verify__Customer_Updation_and_Customer_details_Test -->
  <system-out/>
</testsuite> <!-- org.TechMAX.Supplier.TestRunnerClass -->
