<?xml version="1.0" encoding="UTF-8"?>
<!-- Generated by org.testng.reporters.JUnitReportReporter -->
<testsuite skipped="0" hostname="DESKTOP-EM3OVKO" name="MockInterview.RedBusAppPrintAllBuses" tests="1" failures="0" timestamp="11 Jan 2023 10:05:57 GMT" time="62.226" errors="0">
  <testcase name="PrintAllBusestest" time="62.226" classname="MockInterview.RedBusAppPrintAllBuses"/>
</testsuite> <!-- MockInterview.RedBusAppPrintAllBuses -->
