<?xml version="1.0" encoding="UTF-8"?>
<!-- Generated by org.testng.reporters.JUnitReportReporter -->
<testsuite skipped="0" hostname="DESKTOP-EM3OVKO" name="MockInterview.FlipkartMob" tests="1" failures="0" timestamp="19 Jan 2023 09:34:58 GMT" time="17.463" errors="0">
  <testcase name="MobileNames" time="17.463" classname="MockInterview.FlipkartMob"/>
</testsuite> <!-- MockInterview.FlipkartMob -->
